# JRE version: Java(TM) SE Runtime Environment (21.0.2+13) (build 21.0.2+13-LTS-58)
# Java VM: Java HotSpot(TM) 64-Bit Server VM (21.0.2+13-LTS-58, mixed mode, sharing, tiered, compressed oops, compressed class ptrs, g1 gc, windows-amd64)
GC Precious Log:
 CardTable entry size: 512
 Card Set container configuration: InlinePtr #cards 5 size 8 Array Of Cards #cards 12 size 40 Howl #buckets 4 coarsen threshold 1843 Howl Bitmap #cards 512 size 80 coarsen threshold 460 Card regions per heap region 1 cards per card region 2048
 CPUs: 4 total, 4 available
 Memory: 3948M
 Large Page Support: Disabled
 NUMA Support: Disabled
 Compressed Oops: Enabled (32-bit)
 Heap Region Size: 1M
 Heap Min Capacity: 8M
 Heap Initial Capacity: 62M
 Heap Max Capacity: 988M
 Pre-touch: Disabled
 Parallel Workers: 4
 Concurrent Workers: 1
 Concurrent Refinement Workers: 4
 Periodic GC: Disabled
Heap:
 garbage-first heap   total 48128K, used 25667K [0x00000000c2400000, 0x0000000100000000)
  region size 1024K, 18 young (18432K), 3 survivors (3072K)
 Metaspace       used 25653K, committed 25984K, reserved 1114112K
  class space    used 3493K, committed 3648K, reserved 1048576K
GC Heap History (8 events):
Event: 0.919 GC heap before
{Heap before GC invocations=0 (full 0):
 garbage-first heap   total 63488K, used 12288K [0x00000000c2400000, 0x0000000100000000)
  region size 1024K, 13 young (13312K), 0 survivors (0K)
 Metaspace       used 2435K, committed 2624K, reserved 1114112K
  class space    used 249K, committed 320K, reserved 1048576K
}
Event: 0.924 GC heap after
{Heap after GC invocations=1 (full 0):
 garbage-first heap   total 63488K, used 1920K [0x00000000c2400000, 0x0000000100000000)
  region size 1024K, 2 young (2048K), 2 survivors (2048K)
 Metaspace       used 2435K, committed 2624K, reserved 1114112K
  class space    used 249K, committed 320K, reserved 1048576K
}
Event: 1.782 GC heap before
{Heap before GC invocations=1 (full 0):
 garbage-first heap   total 63488K, used 22400K [0x00000000c2400000, 0x0000000100000000)
  region size 1024K, 23 young (23552K), 2 survivors (2048K)
 Metaspace       used 8584K, committed 8960K, reserved 1114112K
  class space    used 1111K, committed 1280K, reserved 1048576K
}
Event: 1.787 GC heap after
{Heap after GC invocations=2 (full 0):
 garbage-first heap   total 63488K, used 4660K [0x00000000c2400000, 0x0000000100000000)
  region size 1024K, 3 young (3072K), 3 survivors (3072K)
 Metaspace       used 8584K, committed 8960K, reserved 1114112K
  class space    used 1111K, committed 1280K, reserved 1048576K
}
Event: 5.156 GC heap before
{Heap before GC invocations=2 (full 0):
 garbage-first heap   total 63488K, used 40500K [0x00000000c2400000, 0x0000000100000000)
  region size 1024K, 37 young (37888K), 3 survivors (3072K)
 Metaspace       used 15452K, committed 15808K, reserved 1114112K
  class space    used 2333K, committed 2496K, reserved 1048576K
}
Event: 5.167 GC heap after
{Heap after GC invocations=3 (full 0):
 garbage-first heap   total 63488K, used 9994K [0x00000000c2400000, 0x0000000100000000)
  region size 1024K, 4 young (4096K), 4 survivors (4096K)
 Metaspace       used 15452K, committed 15808K, reserved 1114112K
  class space    used 2333K, committed 2496K, reserved 1048576K
}
Event: 10.243 GC heap before
{Heap before GC invocations=3 (full 0):
 garbage-first heap   total 63488K, used 21258K [0x00000000c2400000, 0x0000000100000000)
  region size 1024K, 16 young (16384K), 4 survivors (4096K)
 Metaspace       used 21230K, committed 21504K, reserved 1114112K
  class space    used 2930K, committed 3072K, reserved 1048576K
}
Event: 10.250 GC heap after
{Heap after GC invocations=4 (full 0):
 garbage-first heap   total 63488K, used 12355K [0x00000000c2400000, 0x0000000100000000)
  region size 1024K, 3 young (3072K), 3 survivors (3072K)
 Metaspace       used 21230K, committed 21504K, reserved 1114112K
  class space    used 2930K, committed 3072K, reserved 1048576K
}

